\BOOKMARK [1][-]{section*.1}{}{}% 1
\BOOKMARK [1][-]{section.1}{\376\377\000I\000N\000T\000R\000O\000D\000U\000C\000C\000I\000\323\000N}{}% 2
\BOOKMARK [2][-]{subsection.1.1}{\376\377\000P\000r\000o\000b\000l\000e\000m\000a\000t\000i\000z\000a\000c\000i\000\363\000n}{section.1}% 3
\BOOKMARK [2][-]{subsection.1.2}{\376\377\000J\000u\000s\000t\000i\000f\000i\000c\000a\000c\000i\000\363\000n}{section.1}% 4
\BOOKMARK [2][-]{subsection.1.3}{\376\377\000O\000b\000j\000e\000t\000i\000v\000o\000s\000\040\000g\000e\000n\000e\000r\000a\000l\000e\000s\000\040\000y\000\040\000e\000s\000p\000e\000c\000\355\000f\000i\000c\000o\000s}{section.1}% 5
\BOOKMARK [2][-]{subsection.1.4}{\376\377\000A\000l\000c\000a\000n\000c\000e\000s\000\040\000y\000\040\000l\000i\000m\000i\000t\000a\000c\000i\000o\000n\000e\000s}{section.1}% 6
\BOOKMARK [1][-]{section.2}{\376\377\000C\000A\000P\000\315\000T\000U\000L\000O\000\040\000I\000:\000\040\000F\000U\000N\000D\000A\000M\000E\000N\000T\000O\000S\000\040\000T\000E\000\323\000R\000I\000C\000O\000S}{}% 7
\BOOKMARK [2][-]{subsection.2.1}{\376\377\000F\000i\000s\000i\000o\000l\000o\000g\000\355\000a\000\040\000v\000e\000g\000e\000t\000a\000l\000\040\000y\000\040\000e\000s\000p\000e\000c\000t\000r\000o\000\040\000e\000l\000e\000c\000t\000r\000o\000m\000a\000g\000n\000\351\000t\000i\000c\000o}{section.2}% 8
\BOOKMARK [2][-]{subsection.2.2}{\376\377\000E\000s\000p\000e\000c\000t\000r\000o\000s\000c\000o\000p\000\355\000a}{section.2}% 9
\BOOKMARK [3][-]{subsubsection.2.2.1}{\376\377\000A\000n\000t\000e\000c\000e\000d\000e\000n\000t\000e\000s\000\040\000h\000i\000s\000t\000\363\000r\000i\000c\000o\000s}{subsection.2.2}% 10
\BOOKMARK [3][-]{subsubsection.2.2.2}{\376\377\000P\000r\000i\000n\000c\000i\000p\000i\000o\000s\000\040\000b\000\341\000s\000i\000c\000o\000s}{subsection.2.2}% 11
\BOOKMARK [3][-]{subsubsection.2.2.3}{\376\377\000T\000\351\000c\000n\000i\000c\000a\000s\000\040\000e\000s\000p\000e\000c\000t\000r\000o\000s\000c\000\363\000p\000i\000c\000a\000s}{subsection.2.2}% 12
\BOOKMARK [2][-]{subsection.2.3}{\376\377\000S\000e\000n\000s\000o\000r\000a\000m\000i\000e\000n\000t\000o\000\040\000y\000\040\000t\000e\000l\000e\000d\000e\000t\000e\000c\000c\000i\000\363\000n\000\040\000s\000a\000t\000e\000l\000i\000t\000a\000l}{section.2}% 13
\BOOKMARK [3][-]{subsubsection.2.3.1}{\376\377\000S\000e\000n\000s\000o\000r\000e\000s\000:\000\040\000f\000u\000n\000d\000a\000m\000e\000n\000t\000o\000s\000\040\000y\000\040\000t\000i\000p\000o\000s}{subsection.2.3}% 14
\BOOKMARK [3][-]{subsubsection.2.3.2}{\376\377\000T\000e\000l\000e\000d\000e\000t\000e\000c\000c\000i\000\363\000n\000\040\000s\000a\000t\000e\000l\000i\000t\000a\000l}{subsection.2.3}% 15
\BOOKMARK [2][-]{subsection.2.4}{\376\377\000E\000s\000t\000r\000u\000c\000t\000u\000r\000a\000\040\000d\000e\000\040\000d\000a\000t\000o\000s}{section.2}% 16
\BOOKMARK [2][-]{subsection.2.5}{\376\377\000R\000e\000s\000o\000l\000u\000c\000i\000\363\000n}{section.2}% 17
\BOOKMARK [3][-]{subsubsection.2.5.1}{\376\377\000R\000e\000s\000o\000l\000u\000c\000i\000\363\000n\000\040\000e\000s\000p\000a\000c\000i\000a\000l}{subsection.2.5}% 18
\BOOKMARK [3][-]{subsubsection.2.5.2}{\376\377\000R\000e\000s\000o\000l\000u\000c\000i\000\363\000n\000\040\000t\000e\000m\000p\000o\000r\000a\000l}{subsection.2.5}% 19
\BOOKMARK [3][-]{subsubsection.2.5.3}{\376\377\000R\000e\000s\000o\000l\000u\000c\000i\000\363\000n\000\040\000e\000s\000p\000e\000c\000t\000r\000a\000l}{subsection.2.5}% 20
\BOOKMARK [3][-]{subsubsection.2.5.4}{\376\377\000R\000e\000s\000o\000l\000u\000c\000i\000\363\000n\000\040\000r\000a\000d\000i\000o\000m\000\351\000t\000r\000i\000c\000a}{subsection.2.5}% 21
\BOOKMARK [2][-]{subsection.2.6}{\376\377\000S\000a\000t\000e\000l\000i\000t\000e\000s\000\040\000d\000e\000\040\000t\000e\000l\000e\000d\000e\000t\000e\000c\000c\000i\000\363\000n}{section.2}% 22
\BOOKMARK [3][-]{subsubsection.2.6.1}{\376\377\000S\000e\000n\000t\000i\000n\000e\000l\000-\0002}{subsection.2.6}% 23
\BOOKMARK [3][-]{subsubsection.2.6.2}{\376\377\000L\000a\000n\000d\000s\000a\000t\000\040\0008}{subsection.2.6}% 24
\BOOKMARK [2][-]{subsection.2.7}{\376\377\000\315\000n\000d\000i\000c\000e\000s\000\040\000e\000s\000p\000e\000c\000t\000r\000a\000l\000e\000s\000\040\000a\000p\000l\000i\000c\000a\000d\000o\000s\000\040\000a\000\040\000a\000g\000r\000i\000c\000u\000l\000t\000u\000r\000a}{section.2}% 25
\BOOKMARK [3][-]{subsubsection.2.7.1}{\376\377\000F\000u\000n\000d\000a\000m\000e\000n\000t\000o\000\040\000m\000a\000t\000e\000m\000\341\000t\000i\000c\000o}{subsection.2.7}% 26
\BOOKMARK [3][-]{subsubsection.2.7.2}{\376\377\000\315\000n\000d\000i\000c\000e\000s\000\040\000e\000s\000p\000e\000c\000t\000r\000a\000l\000e\000s\000\040\000m\000\341\000s\000\040\000u\000t\000i\000l\000i\000z\000a\000d\000o\000s\000\040\000e\000n\000\040\000a\000g\000r\000i\000c\000u\000l\000t\000u\000r\000a}{subsection.2.7}% 27
\BOOKMARK [1][-]{section.3}{\376\377\000C\000A\000P\000\315\000T\000U\000L\000O\000\040\000I\000I\000\040\000A\000P\000L\000I\000C\000A\000C\000I\000\323\000N\000\040\000P\000R\000\301\000C\000T\000I\000C\000A\000:\000\040\000C\000L\000A\000S\000I\000F\000I\000C\000A\000C\000I\000\323\000N\000\040\000D\000E\000\040\000C\000O\000B\000E\000R\000T\000U\000R\000A\000\040\000A\000G\000R\000\315\000C\000O\000L\000A}{}% 28
\BOOKMARK [2][-]{subsection.3.1}{\376\377\000F\000l\000u\000j\000o\000\040\000d\000e\000\040\000t\000r\000a\000b\000a\000j\000o}{section.3}% 29
\BOOKMARK [2][-]{subsection.3.2}{\376\377\000M\000a\000t\000e\000r\000i\000a\000l\000e\000s}{section.3}% 30
\BOOKMARK [2][-]{subsection.3.3}{\376\377\000M\000e\000t\000o\000d\000o\000l\000o\000g\000\355\000a}{section.3}% 31
\BOOKMARK [2][-]{subsection.3.4}{\376\377\000P\000r\000o\000c\000e\000d\000i\000m\000i\000e\000n\000t\000o}{section.3}% 32
\BOOKMARK [3][-]{subsubsection.3.4.1}{\376\377\000E\000t\000i\000q\000u\000e\000t\000a\000s\000\040\000d\000e\000\040\000e\000n\000t\000r\000e\000n\000a\000m\000i\000e\000n\000t\000o}{subsection.3.4}% 33
\BOOKMARK [3][-]{subsubsection.3.4.2}{\376\377\000G\000e\000n\000e\000r\000a\000c\000i\000\363\000n\000\040\000d\000e\000l\000\040\000d\000a\000t\000a\000s\000e\000t\000\040\000d\000e\000\040\000e\000n\000t\000r\000e\000n\000a\000m\000i\000e\000n\000t\000o}{subsection.3.4}% 34
\BOOKMARK [3][-]{subsubsection.3.4.3}{\376\377\000G\000e\000n\000e\000r\000a\000c\000i\000\363\000n\000\040\000d\000e\000l\000\040\000m\000o\000d\000e\000l\000o\000\040\000d\000e\000\040\000c\000l\000a\000s\000i\000f\000i\000c\000a\000c\000i\000\363\000n\000\040\000s\000u\000p\000e\000r\000v\000i\000s\000a\000d\000a}{subsection.3.4}% 35
\BOOKMARK [3][-]{subsubsection.3.4.4}{\376\377\000A\000p\000l\000i\000c\000a\000c\000i\000\363\000n\000\040\000d\000e\000l\000\040\000m\000o\000d\000e\000l\000o\000\040\000d\000e\000\040\000c\000l\000a\000s\000i\000f\000i\000c\000a\000c\000i\000\363\000n\000\040\000s\000u\000p\000e\000r\000v\000i\000s\000a\000d\000a}{subsection.3.4}% 36
\BOOKMARK [2][-]{subsection.3.5}{\376\377\000R\000e\000s\000u\000l\000t\000a\000d\000o\000s}{section.3}% 37
\BOOKMARK [2][-]{subsection.3.6}{\376\377\000V\000a\000l\000i\000d\000a\000c\000i\000\363\000n\000\040\000d\000e\000l\000\040\000m\000o\000d\000e\000l\000o\000\040\000d\000e\000\040\000c\000l\000a\000s\000i\000f\000i\000c\000a\000c\000i\000\363\000n\000\040\000s\000u\000p\000e\000r\000v\000i\000s\000a\000d\000a}{section.3}% 38
\BOOKMARK [3][-]{subsubsection.3.6.1}{\376\377\000M\000a\000t\000r\000i\000z\000\040\000d\000e\000\040\000c\000o\000n\000f\000u\000s\000i\000\363\000n}{subsection.3.6}% 39
\BOOKMARK [3][-]{subsubsection.3.6.2}{\376\377\000P\000r\000e\000c\000i\000s\000i\000\363\000n\000\040\000G\000e\000n\000e\000r\000a\000l\000\040\000d\000e\000l\000\040\000m\000o\000d\000e\000l\000o\000\040\000\050\000o\000v\000e\000r\000a\000l\000l\000\040\000a\000c\000c\000u\000r\000a\000c\000y\000\051}{subsection.3.6}% 40
\BOOKMARK [3][-]{subsubsection.3.6.3}{\376\377\000M\000\351\000t\000r\000i\000c\000a\000s\000\040\000d\000e\000\040\000\341\000r\000e\000a\000\040\000c\000a\000l\000c\000u\000l\000a\000d\000a}{subsection.3.6}% 41
\BOOKMARK [2][-]{subsection.3.7}{\376\377\000A\000n\000\341\000l\000i\000s\000i\000s\000\040\000y\000\040\000d\000i\000s\000c\000u\000s\000i\000\363\000n\000\040\000d\000e\000\040\000r\000e\000s\000u\000l\000t\000a\000d\000o\000s}{section.3}% 42
\BOOKMARK [3][-]{subsubsection.3.7.1}{\376\377\000C\000l\000a\000s\000i\000f\000i\000c\000a\000c\000i\000\363\000n\000\040\000e\000n\000\040\000\341\000r\000e\000a\000s\000\040\000c\000u\000b\000i\000e\000r\000t\000a\000s\000\040\000p\000o\000r\000\040\000n\000u\000b\000e\000s}{subsection.3.7}% 43
\BOOKMARK [3][-]{subsubsection.3.7.2}{\376\377\000C\000l\000a\000s\000i\000f\000i\000c\000a\000c\000i\000\363\000n\000\040\000d\000e\000\040\000\341\000r\000e\000a\000s\000\040\000c\000o\000n\000\040\000v\000e\000g\000e\000t\000a\000c\000i\000\363\000n\000\040\000n\000a\000t\000u\000r\000a\000l}{subsection.3.7}% 44
\BOOKMARK [3][-]{subsubsection.3.7.3}{\376\377\000C\000u\000e\000r\000p\000o\000s\000\040\000d\000e\000\040\000a\000g\000u\000a}{subsection.3.7}% 45
\BOOKMARK [3][-]{subsubsection.3.7.4}{\376\377\000C\000o\000m\000p\000a\000r\000a\000c\000i\000\363\000n\000\040\000c\000o\000n\000\040\000o\000t\000r\000o\000s\000\040\000p\000r\000o\000d\000u\000c\000t\000o\000s\000\040\000s\000a\000t\000e\000l\000i\000t\000a\000l\000e\000s}{subsection.3.7}% 46
\BOOKMARK [2][-]{subsection.3.8}{\376\377\000C\000o\000n\000c\000l\000u\000s\000i\000o\000n\000e\000s}{section.3}% 47
\BOOKMARK [2][-]{subsection.3.9}{\376\377\000R\000e\000c\000o\000m\000e\000n\000d\000a\000c\000i\000o\000n\000e\000s}{section.3}% 48
